[debug] [2026-03-28T07:52:51.723Z] ----------------------------------------------------------------------
[debug] [2026-03-28T07:52:51.726Z] Command:       C:\Program Files\nodejs\node.exe C:\Users\Tanisha Gupta\AppData\Roaming\npm\node_modules\firebase-tools\lib\bin\firebase.js init
[debug] [2026-03-28T07:52:51.726Z] CLI Version:   15.12.0
[debug] [2026-03-28T07:52:51.726Z] Platform:      win32
[debug] [2026-03-28T07:52:51.726Z] Node Version:  v24.12.0
[debug] [2026-03-28T07:52:51.726Z] Time:          Sat Mar 28 2026 13:22:51 GMT+0530 (India Standard Time)
[debug] [2026-03-28T07:52:51.726Z] ----------------------------------------------------------------------
[debug] 
[info] 
     ######## #### ########  ######## ########     ###     ######  ########
     ##        ##  ##     ## ##       ##     ##  ##   ##  ##       ##
     ######    ##  ########  ######   ########  #########  ######  ######
     ##        ##  ##    ##  ##       ##     ## ##     ##       ## ##
     ##       #### ##     ## ######## ########  ##     ##  ######  ########

You're about to initialize a Firebase project in this directory:

  C:\Users\Tanisha Gupta\OneDrive\Desktop\noorat

[info] 
=== Project Setup
[info] 
[info] First, let's associate this project directory with a Firebase project.
[info] You can create multiple project aliases by running firebase use --add, 
[info] 
[debug] [2026-03-28T07:53:28.184Z] > command requires scopes: ["email","openid","https://www.googleapis.com/auth/cloudplatformprojects.readonly","https://www.googleapis.com/auth/firebase","https://www.googleapis.com/auth/cloud-platform"]
[debug] [2026-03-28T07:53:28.185Z] > authorizing via signed-in user (tanishagupta12345678@gmail.com)
[debug] [2026-03-28T07:53:28.190Z] Checked if tokens are valid: true, expires at: 1774687958261
[debug] [2026-03-28T07:53:28.190Z] Checked if tokens are valid: true, expires at: 1774687958261
[debug] [2026-03-28T07:53:28.193Z] >>> [apiv2][query] GET https://firebase.googleapis.com/v1beta1/projects pageSize=100
[debug] [2026-03-28T07:53:29.062Z] <<< [apiv2][status] GET https://firebase.googleapis.com/v1beta1/projects 200
[debug] [2026-03-28T07:53:29.062Z] <<< [apiv2][body] GET https://firebase.googleapis.com/v1beta1/projects [omitted]
[info] 
=== Dataconnect Setup
[info] i  dataconnect: ensuring required API firebasedataconnect.googleapis.com is enabled... 
[debug] [2026-03-28T07:53:34.517Z] Checked if tokens are valid: true, expires at: 1774687958261
[debug] [2026-03-28T07:53:34.517Z] Checked if tokens are valid: true, expires at: 1774687958261
[info] i  dataconnect: ensuring required API sqladmin.googleapis.com is enabled... 
[debug] [2026-03-28T07:53:34.518Z] Checked if tokens are valid: true, expires at: 1774687958261
[debug] [2026-03-28T07:53:34.518Z] Checked if tokens are valid: true, expires at: 1774687958261
[debug] [2026-03-28T07:53:34.518Z] >>> [apiv2][query] GET https://serviceusage.googleapis.com/v1/projects/noorat-4485b/services/firebasedataconnect.googleapis.com [none]
[debug] [2026-03-28T07:53:34.518Z] >>> [apiv2][(partial)header] GET https://serviceusage.googleapis.com/v1/projects/noorat-4485b/services/firebasedataconnect.googleapis.com  x-goog-user-project=noorat-4485b
[debug] [2026-03-28T07:53:34.519Z] >>> [apiv2][query] GET https://serviceusage.googleapis.com/v1/projects/noorat-4485b/services/sqladmin.googleapis.com [none]
[debug] [2026-03-28T07:53:34.519Z] >>> [apiv2][(partial)header] GET https://serviceusage.googleapis.com/v1/projects/noorat-4485b/services/sqladmin.googleapis.com  x-goog-user-project=noorat-4485b
[debug] [2026-03-28T07:53:36.355Z] <<< [apiv2][status] GET https://serviceusage.googleapis.com/v1/projects/noorat-4485b/services/firebasedataconnect.googleapis.com 200
[debug] [2026-03-28T07:53:36.355Z] <<< [apiv2][body] GET https://serviceusage.googleapis.com/v1/projects/noorat-4485b/services/firebasedataconnect.googleapis.com [omitted]
[warn] !  dataconnect: missing required API firebasedataconnect.googleapis.com. Enabling now... 
[debug] [2026-03-28T07:53:36.356Z] Checked if tokens are valid: true, expires at: 1774687958261
[debug] [2026-03-28T07:53:36.356Z] Checked if tokens are valid: true, expires at: 1774687958261
[debug] [2026-03-28T07:53:36.357Z] >>> [apiv2][query] POST https://serviceusage.googleapis.com/v1/projects/noorat-4485b/services/firebasedataconnect.googleapis.com:enable [none]
[debug] [2026-03-28T07:53:36.357Z] >>> [apiv2][(partial)header] POST https://serviceusage.googleapis.com/v1/projects/noorat-4485b/services/firebasedataconnect.googleapis.com:enable  x-goog-user-project=noorat-4485b
[debug] [2026-03-28T07:53:36.418Z] <<< [apiv2][status] GET https://serviceusage.googleapis.com/v1/projects/noorat-4485b/services/sqladmin.googleapis.com 200
[debug] [2026-03-28T07:53:36.418Z] <<< [apiv2][body] GET https://serviceusage.googleapis.com/v1/projects/noorat-4485b/services/sqladmin.googleapis.com [omitted]
[warn] !  dataconnect: missing required API sqladmin.googleapis.com. Enabling now... 
[debug] [2026-03-28T07:53:36.419Z] Checked if tokens are valid: true, expires at: 1774687958261
[debug] [2026-03-28T07:53:36.420Z] Checked if tokens are valid: true, expires at: 1774687958261
[debug] [2026-03-28T07:53:36.420Z] >>> [apiv2][query] POST https://serviceusage.googleapis.com/v1/projects/noorat-4485b/services/sqladmin.googleapis.com:enable [none]
[debug] [2026-03-28T07:53:36.420Z] >>> [apiv2][(partial)header] POST https://serviceusage.googleapis.com/v1/projects/noorat-4485b/services/sqladmin.googleapis.com:enable  x-goog-user-project=noorat-4485b
[debug] [2026-03-28T07:53:36.867Z] <<< [apiv2][status] POST https://serviceusage.googleapis.com/v1/projects/noorat-4485b/services/firebasedataconnect.googleapis.com:enable 200
[debug] [2026-03-28T07:53:36.867Z] <<< [apiv2][body] POST https://serviceusage.googleapis.com/v1/projects/noorat-4485b/services/firebasedataconnect.googleapis.com:enable [omitted]
[debug] [2026-03-28T07:53:36.930Z] <<< [apiv2][status] POST https://serviceusage.googleapis.com/v1/projects/noorat-4485b/services/sqladmin.googleapis.com:enable 200
[debug] [2026-03-28T07:53:36.930Z] <<< [apiv2][body] POST https://serviceusage.googleapis.com/v1/projects/noorat-4485b/services/sqladmin.googleapis.com:enable [omitted]
[debug] [2026-03-28T07:53:46.945Z] Checked if tokens are valid: true, expires at: 1774687958261
[debug] [2026-03-28T07:53:46.945Z] Checked if tokens are valid: true, expires at: 1774687958261
[debug] [2026-03-28T07:53:46.946Z] >>> [apiv2][query] GET https://firebasedataconnect.googleapis.com/v1/projects/noorat-4485b/locations/-/services [none]
[debug] [2026-03-28T07:53:49.128Z] <<< [apiv2][status] GET https://firebasedataconnect.googleapis.com/v1/projects/noorat-4485b/locations/-/services 200
[debug] [2026-03-28T07:53:49.129Z] <<< [apiv2][body] GET https://firebasedataconnect.googleapis.com/v1/projects/noorat-4485b/locations/-/services {}
[debug] [2026-03-28T07:54:47.091Z] ExitPromptError: User force closed the prompt with SIGINT
    at Interface.sigint (C:\Users\Tanisha Gupta\AppData\Roaming\npm\node_modules\firebase-tools\node_modules\@inquirer\core\dist\commonjs\lib\create-prompt.js:101:37)
    at Interface.emit (node:events:508:28)
    at [_ttyWrite] [as _ttyWrite] (node:internal/readline/interface:1327:18)
    at ReadStream.onkeypress (node:internal/readline/interface:284:20)
    at ReadStream.emit (node:events:520:35)
    at emitKeys (node:internal/readline/utils:371:14)
    at emitKeys.next (<anonymous>)
    at ReadStream.onData (node:internal/readline/emitKeypressEvents:64:36)
    at ReadStream.emit (node:events:508:28)
    at addChunk (node:internal/streams/readable:559:12)
[error] 
[error] Error: An unexpected error has occurred.
